INFO  - 2013-10-06 15:45:05.883; org.eclipse.jetty.server.Server; jetty-8.1.10.v20130312
INFO  - 2013-10-06 15:45:05.919; org.eclipse.jetty.deploy.providers.ScanningAppProvider; Deployment monitor /home/masao/cvswork/irce/jawp/solr/example/contexts at interval 0
INFO  - 2013-10-06 15:45:05.930; org.eclipse.jetty.deploy.DeploymentManager; Deployable added: /home/masao/cvswork/irce/jawp/solr/example/contexts/solr-jetty-context.xml
INFO  - 2013-10-06 15:45:05.998; org.eclipse.jetty.webapp.WebInfConfiguration; Extract jar:file:/home/masao/cvswork/irce/jawp/solr/example/webapps/solr.war!/ to /home/masao/cvswork/irce/jawp/solr/example/solr-webapp/webapp
INFO  - 2013-10-06 15:45:09.668; org.eclipse.jetty.webapp.StandardDescriptorProcessor; NO JSP Support for /solr, did not find org.apache.jasper.servlet.JspServlet
INFO  - 2013-10-06 15:45:09.712; org.apache.solr.servlet.SolrDispatchFilter; SolrDispatchFilter.init()
INFO  - 2013-10-06 15:45:09.732; org.apache.solr.core.SolrResourceLoader; JNDI not configured for solr (NoInitialContextEx)
INFO  - 2013-10-06 15:45:09.733; org.apache.solr.core.SolrResourceLoader; solr home defaulted to 'solr/' (could not find system property or JNDI)
INFO  - 2013-10-06 15:45:09.733; org.apache.solr.core.SolrResourceLoader; new SolrResourceLoader for directory: 'solr/'
INFO  - 2013-10-06 15:45:09.872; org.apache.solr.core.ConfigSolr; Loading container configuration from /home/masao/cvswork/irce/jawp/solr/example/solr/solr.xml
INFO  - 2013-10-06 15:45:10.134; org.apache.solr.core.ConfigSolrXml; Config-defined core root directory: 
INFO  - 2013-10-06 15:45:10.143; org.apache.solr.core.CoreContainer; New CoreContainer 690611689
INFO  - 2013-10-06 15:45:10.144; org.apache.solr.core.CoreContainer; Loading cores into CoreContainer [instanceDir=solr/]
INFO  - 2013-10-06 15:45:10.163; org.apache.solr.handler.component.HttpShardHandlerFactory; Setting socketTimeout to: 0
INFO  - 2013-10-06 15:45:10.164; org.apache.solr.handler.component.HttpShardHandlerFactory; Setting urlScheme to: http://
INFO  - 2013-10-06 15:45:10.164; org.apache.solr.handler.component.HttpShardHandlerFactory; Setting connTimeout to: 0
INFO  - 2013-10-06 15:45:10.166; org.apache.solr.handler.component.HttpShardHandlerFactory; Setting maxConnectionsPerHost to: 20
INFO  - 2013-10-06 15:45:10.166; org.apache.solr.handler.component.HttpShardHandlerFactory; Setting corePoolSize to: 0
INFO  - 2013-10-06 15:45:10.166; org.apache.solr.handler.component.HttpShardHandlerFactory; Setting maximumPoolSize to: 2147483647
INFO  - 2013-10-06 15:45:10.167; org.apache.solr.handler.component.HttpShardHandlerFactory; Setting maxThreadIdleTime to: 5
INFO  - 2013-10-06 15:45:10.167; org.apache.solr.handler.component.HttpShardHandlerFactory; Setting sizeOfQueue to: -1
INFO  - 2013-10-06 15:45:10.167; org.apache.solr.handler.component.HttpShardHandlerFactory; Setting fairnessPolicy to: false
INFO  - 2013-10-06 15:45:10.176; org.apache.solr.client.solrj.impl.HttpClientUtil; Creating new http client, config:maxConnectionsPerHost=20&maxConnections=10000&socketTimeout=0&connTimeout=0&retry=false
INFO  - 2013-10-06 15:45:10.338; org.apache.solr.logging.LogWatcher; SLF4J impl is org.slf4j.impl.Log4jLoggerFactory
INFO  - 2013-10-06 15:45:10.339; org.apache.solr.logging.LogWatcher; Registering Log Listener [Log4j (org.slf4j.impl.Log4jLoggerFactory)]
INFO  - 2013-10-06 15:45:10.432; org.apache.solr.core.CorePropertiesLocator; Looking for core definitions underneath /home/masao/cvswork/irce/jawp/solr/example/solr
INFO  - 2013-10-06 15:45:10.460; org.apache.solr.core.CorePropertiesLocator; Found core collection1 in /home/masao/cvswork/irce/jawp/solr/example/solr/collection1/
INFO  - 2013-10-06 15:45:10.461; org.apache.solr.core.CorePropertiesLocator; Found 1 core definitions
INFO  - 2013-10-06 15:45:10.466; org.apache.solr.core.CoreContainer; Creating SolrCore 'collection1' using instanceDir: /home/masao/cvswork/irce/jawp/solr/example/solr/collection1
INFO  - 2013-10-06 15:45:10.466; org.apache.solr.core.SolrResourceLoader; new SolrResourceLoader for directory: '/home/masao/cvswork/irce/jawp/solr/example/solr/collection1/'
INFO  - 2013-10-06 15:45:10.622; org.apache.solr.core.SolrConfig; Adding specified lib dirs to ClassLoader
WARN  - 2013-10-06 15:45:10.623; org.apache.solr.core.SolrResourceLoader; Can't find (or read) directory to add to classloader: ../../../contrib/extraction/lib (resolved as: /home/masao/cvswork/irce/jawp/solr/example/solr/collection1/../../../contrib/extraction/lib).
WARN  - 2013-10-06 15:45:10.624; org.apache.solr.core.SolrResourceLoader; Can't find (or read) directory to add to classloader: ../../../dist/ (resolved as: /home/masao/cvswork/irce/jawp/solr/example/solr/collection1/../../../dist).
WARN  - 2013-10-06 15:45:10.624; org.apache.solr.core.SolrResourceLoader; Can't find (or read) directory to add to classloader: ../../../contrib/clustering/lib/ (resolved as: /home/masao/cvswork/irce/jawp/solr/example/solr/collection1/../../../contrib/clustering/lib).
WARN  - 2013-10-06 15:45:10.625; org.apache.solr.core.SolrResourceLoader; Can't find (or read) directory to add to classloader: ../../../dist/ (resolved as: /home/masao/cvswork/irce/jawp/solr/example/solr/collection1/../../../dist).
WARN  - 2013-10-06 15:45:10.625; org.apache.solr.core.SolrResourceLoader; Can't find (or read) directory to add to classloader: ../../../contrib/langid/lib/ (resolved as: /home/masao/cvswork/irce/jawp/solr/example/solr/collection1/../../../contrib/langid/lib).
WARN  - 2013-10-06 15:45:10.625; org.apache.solr.core.SolrResourceLoader; Can't find (or read) directory to add to classloader: ../../../dist/ (resolved as: /home/masao/cvswork/irce/jawp/solr/example/solr/collection1/../../../dist).
WARN  - 2013-10-06 15:45:10.625; org.apache.solr.core.SolrResourceLoader; Can't find (or read) directory to add to classloader: ../../../contrib/velocity/lib (resolved as: /home/masao/cvswork/irce/jawp/solr/example/solr/collection1/../../../contrib/velocity/lib).
WARN  - 2013-10-06 15:45:10.626; org.apache.solr.core.SolrResourceLoader; Can't find (or read) directory to add to classloader: ../../../dist/ (resolved as: /home/masao/cvswork/irce/jawp/solr/example/solr/collection1/../../../dist).
INFO  - 2013-10-06 15:45:10.752; org.apache.solr.update.SolrIndexConfig; IndexWriter infoStream solr logging is enabled
INFO  - 2013-10-06 15:45:10.758; org.apache.solr.core.SolrConfig; Using Lucene MatchVersion: LUCENE_45
INFO  - 2013-10-06 15:45:10.865; org.apache.solr.core.SolrConfig; Loaded SolrConfig: solrconfig.xml
INFO  - 2013-10-06 15:45:10.875; org.apache.solr.schema.IndexSchema; Reading Solr Schema from schema.xml
INFO  - 2013-10-06 15:45:10.953; org.apache.solr.schema.IndexSchema; [collection1] Schema name=example
INFO  - 2013-10-06 15:45:12.192; org.apache.solr.schema.IndexSchema; unique key field: id
INFO  - 2013-10-06 15:45:12.366; org.apache.solr.schema.FileExchangeRateProvider; Reloading exchange rates from file currency.xml
INFO  - 2013-10-06 15:45:12.372; org.apache.solr.schema.FileExchangeRateProvider; Reloading exchange rates from file currency.xml
INFO  - 2013-10-06 15:45:12.498; org.apache.solr.core.SolrCore; solr.NRTCachingDirectoryFactory
INFO  - 2013-10-06 15:45:12.506; org.apache.solr.core.SolrCore; [collection1] Opening new SolrCore at /home/masao/cvswork/irce/jawp/solr/example/solr/collection1/, dataDir=/home/masao/cvswork/irce/jawp/solr/example/solr/collection1/data/
INFO  - 2013-10-06 15:45:12.509; org.apache.solr.core.JmxMonitoredMap; No JMX servers found, not exposing Solr information with JMX.
INFO  - 2013-10-06 15:45:12.514; org.apache.solr.core.SolrCore; [collection1] Added SolrEventListener for newSearcher: org.apache.solr.core.QuerySenderListener{queries=[]}
INFO  - 2013-10-06 15:45:12.515; org.apache.solr.core.SolrCore; [collection1] Added SolrEventListener for firstSearcher: org.apache.solr.core.QuerySenderListener{queries=[{q=static firstSearcher warming in solrconfig.xml}]}
INFO  - 2013-10-06 15:45:12.537; org.apache.solr.core.CachingDirectoryFactory; return new directory for /home/masao/cvswork/irce/jawp/solr/example/solr/collection1/data
INFO  - 2013-10-06 15:45:12.538; org.apache.solr.core.SolrCore; New index directory detected: old=null new=/home/masao/cvswork/irce/jawp/solr/example/solr/collection1/data/index/
WARN  - 2013-10-06 15:45:12.538; org.apache.solr.core.SolrCore; [collection1] Solr index directory '/home/masao/cvswork/irce/jawp/solr/example/solr/collection1/data/index' doesn't exist. Creating new index...
INFO  - 2013-10-06 15:45:12.545; org.apache.solr.core.CachingDirectoryFactory; return new directory for /home/masao/cvswork/irce/jawp/solr/example/solr/collection1/data/index
INFO  - 2013-10-06 15:45:12.620; org.apache.solr.core.SolrDeletionPolicy; SolrDeletionPolicy.onCommit: commits: num=1
	commit{dir=NRTCachingDirectory(org.apache.lucene.store.MMapDirectory@/home/masao/cvswork/irce/jawp/solr/example/solr/collection1/data/index lockFactory=org.apache.lucene.store.NativeFSLockFactory@3d31f2b4; maxCacheMB=48.0 maxMergeSizeMB=4.0),segFN=segments_1,generation=1}
INFO  - 2013-10-06 15:45:12.621; org.apache.solr.core.SolrDeletionPolicy; newest commit generation = 1
INFO  - 2013-10-06 15:45:12.624; org.apache.solr.core.SolrCore; created json: solr.JSONResponseWriter
INFO  - 2013-10-06 15:45:12.625; org.apache.solr.core.SolrCore; adding lazy queryResponseWriter: solr.VelocityResponseWriter
INFO  - 2013-10-06 15:45:12.625; org.apache.solr.core.SolrCore; created velocity: solr.VelocityResponseWriter
INFO  - 2013-10-06 15:45:12.628; org.apache.solr.core.SolrCore; created xslt: solr.XSLTResponseWriter
INFO  - 2013-10-06 15:45:12.629; org.apache.solr.response.XSLTResponseWriter; xsltCacheLifetimeSeconds=5
INFO  - 2013-10-06 15:45:12.705; org.apache.solr.core.SolrCore; [collection1]  CLOSING SolrCore org.apache.solr.core.SolrCore@5e54777e
INFO  - 2013-10-06 15:45:12.706; org.apache.solr.update.SolrCoreState; Closing SolrCoreState
INFO  - 2013-10-06 15:45:12.706; org.apache.solr.update.DefaultSolrCoreState; SolrCoreState ref count has reached 0 - closing IndexWriter
INFO  - 2013-10-06 15:45:12.707; org.apache.solr.core.SolrCore; [collection1] Closing main searcher on request.
INFO  - 2013-10-06 15:45:12.707; org.apache.solr.core.CachingDirectoryFactory; Closing NRTCachingDirectoryFactory - 2 directories currently being tracked
INFO  - 2013-10-06 15:45:12.708; org.apache.solr.core.CachingDirectoryFactory; looking to close /home/masao/cvswork/irce/jawp/solr/example/solr/collection1/data/index [CachedDir<<refCount=0;path=/home/masao/cvswork/irce/jawp/solr/example/solr/collection1/data/index;done=false>>]
INFO  - 2013-10-06 15:45:12.709; org.apache.solr.core.CachingDirectoryFactory; Closing directory: /home/masao/cvswork/irce/jawp/solr/example/solr/collection1/data/index
INFO  - 2013-10-06 15:45:12.709; org.apache.solr.core.CachingDirectoryFactory; looking to close /home/masao/cvswork/irce/jawp/solr/example/solr/collection1/data [CachedDir<<refCount=0;path=/home/masao/cvswork/irce/jawp/solr/example/solr/collection1/data;done=false>>]
INFO  - 2013-10-06 15:45:12.709; org.apache.solr.core.CachingDirectoryFactory; Closing directory: /home/masao/cvswork/irce/jawp/solr/example/solr/collection1/data
ERROR - 2013-10-06 15:45:12.710; org.apache.solr.core.CoreContainer; Unable to create core: collection1
org.apache.solr.common.SolrException: Error loading class 'solr.clustering.ClusteringComponent'
	at org.apache.solr.core.SolrCore.<init>(SolrCore.java:834)
	at org.apache.solr.core.SolrCore.<init>(SolrCore.java:625)
	at org.apache.solr.core.CoreContainer.createFromLocal(CoreContainer.java:524)
	at org.apache.solr.core.CoreContainer.create(CoreContainer.java:559)
	at org.apache.solr.core.CoreContainer$1.call(CoreContainer.java:249)
	at org.apache.solr.core.CoreContainer$1.call(CoreContainer.java:241)
	at java.util.concurrent.FutureTask$Sync.innerRun(FutureTask.java:334)
	at java.util.concurrent.FutureTask.run(FutureTask.java:166)
	at java.util.concurrent.Executors$RunnableAdapter.call(Executors.java:471)
	at java.util.concurrent.FutureTask$Sync.innerRun(FutureTask.java:334)
	at java.util.concurrent.FutureTask.run(FutureTask.java:166)
	at java.util.concurrent.ThreadPoolExecutor.runWorker(ThreadPoolExecutor.java:1146)
	at java.util.concurrent.ThreadPoolExecutor$Worker.run(ThreadPoolExecutor.java:615)
	at java.lang.Thread.run(Thread.java:679)
Caused by: org.apache.solr.common.SolrException: Error loading class 'solr.clustering.ClusteringComponent'
	at org.apache.solr.core.SolrResourceLoader.findClass(SolrResourceLoader.java:449)
	at org.apache.solr.core.SolrResourceLoader.findClass(SolrResourceLoader.java:381)
	at org.apache.solr.core.SolrCore.createInstance(SolrCore.java:526)
	at org.apache.solr.core.SolrCore.createInitInstance(SolrCore.java:582)
	at org.apache.solr.core.SolrCore.initPlugins(SolrCore.java:2128)
	at org.apache.solr.core.SolrCore.initPlugins(SolrCore.java:2122)
	at org.apache.solr.core.SolrCore.initPlugins(SolrCore.java:2155)
	at org.apache.solr.core.SolrCore.loadSearchComponents(SolrCore.java:1177)
	at org.apache.solr.core.SolrCore.<init>(SolrCore.java:762)
	... 13 more
Caused by: java.lang.ClassNotFoundException: solr.clustering.ClusteringComponent
	at java.net.URLClassLoader$1.run(URLClassLoader.java:217)
	at java.security.AccessController.doPrivileged(Native Method)
	at java.net.URLClassLoader.findClass(URLClassLoader.java:205)
	at java.lang.ClassLoader.loadClass(ClassLoader.java:321)
	at java.net.FactoryURLClassLoader.loadClass(URLClassLoader.java:615)
	at java.lang.ClassLoader.loadClass(ClassLoader.java:266)
	at java.lang.Class.forName0(Native Method)
	at java.lang.Class.forName(Class.java:266)
	at org.apache.solr.core.SolrResourceLoader.findClass(SolrResourceLoader.java:433)
	... 21 more
ERROR - 2013-10-06 15:45:12.712; org.apache.solr.common.SolrException; null:org.apache.solr.common.SolrException: Unable to create core: collection1
	at org.apache.solr.core.CoreContainer.recordAndThrow(CoreContainer.java:936)
	at org.apache.solr.core.CoreContainer.create(CoreContainer.java:568)
	at org.apache.solr.core.CoreContainer$1.call(CoreContainer.java:249)
	at org.apache.solr.core.CoreContainer$1.call(CoreContainer.java:241)
	at java.util.concurrent.FutureTask$Sync.innerRun(FutureTask.java:334)
	at java.util.concurrent.FutureTask.run(FutureTask.java:166)
	at java.util.concurrent.Executors$RunnableAdapter.call(Executors.java:471)
	at java.util.concurrent.FutureTask$Sync.innerRun(FutureTask.java:334)
	at java.util.concurrent.FutureTask.run(FutureTask.java:166)
	at java.util.concurrent.ThreadPoolExecutor.runWorker(ThreadPoolExecutor.java:1146)
	at java.util.concurrent.ThreadPoolExecutor$Worker.run(ThreadPoolExecutor.java:615)
	at java.lang.Thread.run(Thread.java:679)
Caused by: org.apache.solr.common.SolrException: Error loading class 'solr.clustering.ClusteringComponent'
	at org.apache.solr.core.SolrCore.<init>(SolrCore.java:834)
	at org.apache.solr.core.SolrCore.<init>(SolrCore.java:625)
	at org.apache.solr.core.CoreContainer.createFromLocal(CoreContainer.java:524)
	at org.apache.solr.core.CoreContainer.create(CoreContainer.java:559)
	... 10 more
Caused by: org.apache.solr.common.SolrException: Error loading class 'solr.clustering.ClusteringComponent'
	at org.apache.solr.core.SolrResourceLoader.findClass(SolrResourceLoader.java:449)
	at org.apache.solr.core.SolrResourceLoader.findClass(SolrResourceLoader.java:381)
	at org.apache.solr.core.SolrCore.createInstance(SolrCore.java:526)
	at org.apache.solr.core.SolrCore.createInitInstance(SolrCore.java:582)
	at org.apache.solr.core.SolrCore.initPlugins(SolrCore.java:2128)
	at org.apache.solr.core.SolrCore.initPlugins(SolrCore.java:2122)
	at org.apache.solr.core.SolrCore.initPlugins(SolrCore.java:2155)
	at org.apache.solr.core.SolrCore.loadSearchComponents(SolrCore.java:1177)
	at org.apache.solr.core.SolrCore.<init>(SolrCore.java:762)
	... 13 more
Caused by: java.lang.ClassNotFoundException: solr.clustering.ClusteringComponent
	at java.net.URLClassLoader$1.run(URLClassLoader.java:217)
	at java.security.AccessController.doPrivileged(Native Method)
	at java.net.URLClassLoader.findClass(URLClassLoader.java:205)
	at java.lang.ClassLoader.loadClass(ClassLoader.java:321)
	at java.net.FactoryURLClassLoader.loadClass(URLClassLoader.java:615)
	at java.lang.ClassLoader.loadClass(ClassLoader.java:266)
	at java.lang.Class.forName0(Native Method)
	at java.lang.Class.forName(Class.java:266)
	at org.apache.solr.core.SolrResourceLoader.findClass(SolrResourceLoader.java:433)
	... 21 more

INFO  - 2013-10-06 15:45:12.715; org.apache.solr.servlet.SolrDispatchFilter; user.dir=/home/masao/cvswork/irce/jawp/solr/example
INFO  - 2013-10-06 15:45:12.715; org.apache.solr.servlet.SolrDispatchFilter; SolrDispatchFilter.init() done
WARN  - 2013-10-06 15:45:12.770; org.eclipse.jetty.util.component.AbstractLifeCycle; FAILED SocketConnector@0.0.0.0:8983: java.net.BindException: Address already in use
java.net.BindException: Address already in use
	at java.net.PlainSocketImpl.socketBind(Native Method)
	at java.net.AbstractPlainSocketImpl.bind(AbstractPlainSocketImpl.java:353)
	at java.net.ServerSocket.bind(ServerSocket.java:336)
	at java.net.ServerSocket.<init>(ServerSocket.java:202)
	at java.net.ServerSocket.<init>(ServerSocket.java:158)
	at org.eclipse.jetty.server.bio.SocketConnector.newServerSocket(SocketConnector.java:96)
	at org.eclipse.jetty.server.bio.SocketConnector.open(SocketConnector.java:85)
	at org.eclipse.jetty.server.AbstractConnector.doStart(AbstractConnector.java:316)
	at org.eclipse.jetty.server.bio.SocketConnector.doStart(SocketConnector.java:156)
	at org.eclipse.jetty.util.component.AbstractLifeCycle.start(AbstractLifeCycle.java:64)
	at org.eclipse.jetty.server.Server.doStart(Server.java:291)
	at org.eclipse.jetty.util.component.AbstractLifeCycle.start(AbstractLifeCycle.java:64)
	at org.eclipse.jetty.xml.XmlConfiguration$1.run(XmlConfiguration.java:1259)
	at java.security.AccessController.doPrivileged(Native Method)
	at org.eclipse.jetty.xml.XmlConfiguration.main(XmlConfiguration.java:1182)
	at sun.reflect.NativeMethodAccessorImpl.invoke0(Native Method)
	at sun.reflect.NativeMethodAccessorImpl.invoke(NativeMethodAccessorImpl.java:57)
	at sun.reflect.DelegatingMethodAccessorImpl.invoke(DelegatingMethodAccessorImpl.java:43)
	at java.lang.reflect.Method.invoke(Method.java:616)
	at org.eclipse.jetty.start.Main.invokeMain(Main.java:473)
	at org.eclipse.jetty.start.Main.start(Main.java:615)
	at org.eclipse.jetty.start.Main.main(Main.java:96)
WARN  - 2013-10-06 15:45:12.771; org.eclipse.jetty.util.component.AbstractLifeCycle; FAILED org.eclipse.jetty.server.Server@74455aa8: java.net.BindException: Address already in use
java.net.BindException: Address already in use
	at java.net.PlainSocketImpl.socketBind(Native Method)
	at java.net.AbstractPlainSocketImpl.bind(AbstractPlainSocketImpl.java:353)
	at java.net.ServerSocket.bind(ServerSocket.java:336)
	at java.net.ServerSocket.<init>(ServerSocket.java:202)
	at java.net.ServerSocket.<init>(ServerSocket.java:158)
	at org.eclipse.jetty.server.bio.SocketConnector.newServerSocket(SocketConnector.java:96)
	at org.eclipse.jetty.server.bio.SocketConnector.open(SocketConnector.java:85)
	at org.eclipse.jetty.server.AbstractConnector.doStart(AbstractConnector.java:316)
	at org.eclipse.jetty.server.bio.SocketConnector.doStart(SocketConnector.java:156)
	at org.eclipse.jetty.util.component.AbstractLifeCycle.start(AbstractLifeCycle.java:64)
	at org.eclipse.jetty.server.Server.doStart(Server.java:291)
	at org.eclipse.jetty.util.component.AbstractLifeCycle.start(AbstractLifeCycle.java:64)
	at org.eclipse.jetty.xml.XmlConfiguration$1.run(XmlConfiguration.java:1259)
	at java.security.AccessController.doPrivileged(Native Method)
	at org.eclipse.jetty.xml.XmlConfiguration.main(XmlConfiguration.java:1182)
	at sun.reflect.NativeMethodAccessorImpl.invoke0(Native Method)
	at sun.reflect.NativeMethodAccessorImpl.invoke(NativeMethodAccessorImpl.java:57)
	at sun.reflect.DelegatingMethodAccessorImpl.invoke(DelegatingMethodAccessorImpl.java:43)
	at java.lang.reflect.Method.invoke(Method.java:616)
	at org.eclipse.jetty.start.Main.invokeMain(Main.java:473)
	at org.eclipse.jetty.start.Main.start(Main.java:615)
	at org.eclipse.jetty.start.Main.main(Main.java:96)
